<?xml version="1.0" encoding="UTF-8"?>
<!-- Generated by org.testng.reporters.JUnitReportReporter -->
<testsuite hostname="meldas-MacBook-Pro.local" failures="0" tests="4" name="scripts._01CarTest" time="42.536" errors="0" timestamp="2022-06-06T00:15:00 CDT" skipped="0">
  <testcase classname="scripts._01CarTest" name="login" time="9.496"/>
  <system-out/>
  <testcase classname="scripts._01CarTest" name="signINLink" time="9.295"/>
  <system-out/>
  <testcase classname="scripts._01CarTest" name="socialMediaLink" time="9.660"/>
  <system-out/>
  <testcase classname="scripts._01CarTest" name="canNotSignIn" time="14.085"/>
  <system-out/>
</testsuite> <!-- scripts._01CarTest -->
