<?xml version="1.0" encoding="UTF-8"?>
<!-- Generated by org.testng.reporters.JUnitReportReporter -->
<testsuite hostname="meldas-MacBook-Pro.local" failures="0" tests="1" name="scripts._01CarTest" time="9.349" errors="0" timestamp="2022-06-09T11:42:09 CDT" skipped="0">
  <testcase classname="scripts._01CarTest" name="login" time="9.349"/>
  <system-out/>
</testsuite> <!-- scripts._01CarTest -->
