<?xml version="1.0" encoding="UTF-8"?>
<!-- Generated by org.testng.reporters.JUnitReportReporter -->
<testsuite hostname="meldas-MacBook-Pro.local" failures="0" tests="1" name="scripts._03AmazonTest" time="9.960" errors="0" timestamp="2022-06-09T11:42:09 CDT" skipped="0">
  <testcase classname="scripts._03AmazonTest" name="testAmazonAddressModal" time="9.960"/>
  <system-out/>
</testsuite> <!-- scripts._03AmazonTest -->
