<?xml version="1.0" encoding="UTF-8"?>
<!-- Generated by org.testng.reporters.JUnitReportReporter -->
<testsuite hostname="meldas-MacBook-Pro.local" failures="0" tests="3" name="scripts._01CarTest" time="31.198" errors="0" timestamp="2022-06-06T10:21:07 CDT" skipped="0">
  <testcase classname="scripts._01CarTest" name="signINLink" time="8.901"/>
  <system-out/>
  <testcase classname="scripts._01CarTest" name="socialMediaLink" time="9.374"/>
  <system-out/>
  <testcase classname="scripts._01CarTest" name="canNotSignIn" time="12.923"/>
  <system-out/>
</testsuite> <!-- scripts._01CarTest -->
